<?xml version="1.0" encoding="UTF-8"?>
<!-- Generated by org.testng.reporters.JUnitReportReporter -->
<testsuite hostname="DESKTOP-EMEUA3I" failures="0" tests="1" name="Sample.Demo" time="0.036" errors="0" timestamp="2023-04-12T11:37:04 IST" skipped="0">
  <testcase classname="Sample.Demo" name="demo" time="0.036"/>
  <system-out/>
</testsuite> <!-- Sample.Demo -->
